<ns0:test-suite xmlns:ns0="urn:model.allure.qatools.yandex.ru" start="1561295013801" stop="1561295013810">
  <name>testcase.test_login</name>
  <labels/>
  <test-cases>
    <test-case start="1561295013801" status="canceled" stop="1561295013804">
      <name>test_login[admin-lorda7900-\u6210\u529f\u767b\u5f55]</name>
      <failure>
        <message>Skipped: unconditional skip</message>
        <stack-trace></stack-trace>
      </failure>
      <attachments/>
      <labels>
        <label name="feature" value="测试正常登录功能"/>
        <label name="severity" value="BLOCKER"/>
        <label name="thread" value="15108-MainThread"/>
        <label name="host" value="ThinkPad-PC"/>
        <label name="framework" value="pytest"/>
        <label name="language" value="cpython3"/>
      </labels>
      <steps/>
    </test-case>
    <test-case start="1561295013805" status="canceled" stop="1561295013808">
      <name>test_login[lorda-admin7900-\u6210\u529f\u767b\u5f55]</name>
      <failure>
        <message>Skipped: unconditional skip</message>
        <stack-trace></stack-trace>
      </failure>
      <attachments/>
      <labels>
        <label name="feature" value="测试正常登录功能"/>
        <label name="severity" value="BLOCKER"/>
        <label name="thread" value="15108-MainThread"/>
        <label name="host" value="ThinkPad-PC"/>
        <label name="framework" value="pytest"/>
        <label name="language" value="cpython3"/>
      </labels>
      <steps/>
    </test-case>
    <test-case start="1561295013809" status="canceled" stop="1561295013810">
      <name>test_login_error[admin-123456-\u4e0d\u6b63\u786e]</name>
      <failure>
        <message>Skipped: unconditional skip</message>
        <stack-trace></stack-trace>
      </failure>
      <attachments/>
      <labels>
        <label name="feature" value="测试登录验证功能"/>
        <label name="severity" value="Critical"/>
        <label name="thread" value="15108-MainThread"/>
        <label name="host" value="ThinkPad-PC"/>
        <label name="framework" value="pytest"/>
        <label name="language" value="cpython3"/>
      </labels>
      <steps/>
    </test-case>
  </test-cases>
</ns0:test-suite>
